<?xml version="1.0" encoding="UTF-8"?>
<!-- Generated by org.testng.reporters.JUnitReportReporter -->
<testsuite hostname="DESKTOP-OTGNRE8" failures="0" tests="2" name="com.Mohs10.TestScripts.HomePage_Login" time="65.616" errors="0" timestamp="2023-12-04T12:04:15 IST" skipped="0">
  <testcase classname="com.Mohs10.TestScripts.HomePage_Login" name="LoginTestCase" time="14.467"/>
  <system-out/>
  <testcase classname="com.Mohs10.TestScripts.HomePage_Login" name="NegativeLoginTest" time="51.149"/>
  <system-out/>
</testsuite> <!-- com.Mohs10.TestScripts.HomePage_Login -->
