<?xml version="1.0" encoding="UTF-8"?>
<!-- Generated by org.testng.reporters.JUnitReportReporter -->
<testsuite hostname="DESKTOP-BLPH810" failures="0" tests="1" name="com.Mohs10.Reports.PDFReportTest" time="1.337" errors="0" timestamp="2024-02-07T17:21:17 IST" skipped="0">
  <testcase classname="com.Mohs10.Reports.PDFReportTest" name="PDFreports" time="1.337"/>
  <system-out/>
</testsuite> <!-- com.Mohs10.Reports.PDFReportTest -->
