<?xml version="1.0" encoding="UTF-8"?>
<!-- Generated by org.testng.reporters.JUnitReportReporter -->
<testsuite hostname="DESKTOP-AM6U94K" failures="0" tests="1" name="com.Mohs10.Reports.PDFReportGenerator" time="1.887" errors="0" timestamp="2023-05-17T18:20:18 IST" skipped="0">
  <testcase classname="com.Mohs10.Reports.PDFReportGenerator" name="PDFreports" time="1.887"/>
  <system-out/>
</testsuite> <!-- com.Mohs10.Reports.PDFReportGenerator -->
